proguard-project.txt
# Ce fichier est inclus par "project.properties" en seconde position
# après "${sdk.dir}/tools/proguard/proguard-android-optimize.txt"
# de manière à permettre une customisation spécifique au projet
# s'appuyant sur la configuration standard proposée par le SDK Android
# 2012-08-09 SRombauts

# Suppression en release de tous les logs d'information et de mise au point ;
# ne doivent subsister que les logs d'avertissement et d'erreur
-assumenosideeffects class android.util.Log {
    public static *** v(...);
    public static *** d(...);
    public static *** i(...);
}