proguard/mapping.txt
fr.srombauts.sjlb.ApplicationSJLB -> fr.srombauts.sjlb.ApplicationSJLB:
    java.lang.String[] CONTACTS_SUMMARY_PROJECTION -> a
    java.util.Vector mUserContactList -> b
    void onCreate() -> onCreate
    void initUserContactList() -> a
fr.srombauts.sjlb.db.ContentProviderFile -> fr.srombauts.sjlb.db.a:
    fr.srombauts.sjlb.db.DBOpenHelper mDBHelper -> a
    android.content.UriMatcher sUriMatcher -> b
    boolean onCreate() -> onCreate
    java.lang.String getType(android.net.Uri) -> getType
    int delete(android.net.Uri,java.lang.String,java.lang.String[]) -> delete
    android.net.Uri insert(android.net.Uri,android.content.ContentValues) -> insert
    android.database.Cursor query(android.net.Uri,java.lang.String[],java.lang.String,java.lang.String[],java.lang.String) -> query
    int update(android.net.Uri,android.content.ContentValues,java.lang.String,java.lang.String[]) -> update
    void close() -> a
    boolean insertFile(fr.srombauts.sjlb.model.AttachedFile) -> a
    boolean clearFiles() -> b
fr.srombauts.sjlb.db.ContentProviderMsg -> fr.srombauts.sjlb.db.b:
    fr.srombauts.sjlb.db.DBOpenHelper mDBHelper -> a
    android.content.UriMatcher sUriMatcher -> b
    boolean onCreate() -> onCreate
    java.lang.String getType(android.net.Uri) -> getType
    int delete(android.net.Uri,java.lang.String,java.lang.String[]) -> delete
    android.net.Uri insert(android.net.Uri,android.content.ContentValues) -> insert
    android.database.Cursor query(android.net.Uri,java.lang.String[],java.lang.String,java.lang.String[],java.lang.String) -> query
    int update(android.net.Uri,android.content.ContentValues,java.lang.String,java.lang.String[]) -> update
    void close() -> a
    boolean insertMsg(fr.srombauts.sjlb.model.ForumMessage) -> a
    boolean updateMsg(fr.srombauts.sjlb.model.ForumMessage) -> b
    long getFirstMsgDate() -> b
    long getLastMsgDate() -> c
    android.database.Cursor getMsgUnread() -> d
    int clearMsgUnread() -> e
    java.lang.Boolean isExist(int) -> a
    boolean clearMsg() -> f
    long getCount() -> g
fr.srombauts.sjlb.db.ContentProviderPM -> fr.srombauts.sjlb.db.ContentProviderPM:
    fr.srombauts.sjlb.db.DBOpenHelper mDBHelper -> a
    android.content.UriMatcher sUriMatcher -> b
    boolean onCreate() -> onCreate
    java.lang.String getType(android.net.Uri) -> getType
    int delete(android.net.Uri,java.lang.String,java.lang.String[]) -> delete
    android.net.Uri insert(android.net.Uri,android.content.ContentValues) -> insert
    android.database.Cursor query(android.net.Uri,java.lang.String[],java.lang.String,java.lang.String[],java.lang.String) -> query
    int update(android.net.Uri,android.content.ContentValues,java.lang.String,java.lang.String[]) -> update
    void close() -> a
    boolean insertPM(fr.srombauts.sjlb.model.PrivateMessage) -> a
    boolean clearPM() -> b
    java.lang.Boolean isExist(int) -> a
    long countPM() -> c
fr.srombauts.sjlb.db.ContentProviderSubj -> fr.srombauts.sjlb.db.c:
    fr.srombauts.sjlb.db.DBOpenHelper mDBHelper -> a
    android.content.UriMatcher sUriMatcher -> b
    boolean onCreate() -> onCreate
    java.lang.String getType(android.net.Uri) -> getType
    int delete(android.net.Uri,java.lang.String,java.lang.String[]) -> delete
    android.net.Uri insert(android.net.Uri,android.content.ContentValues) -> insert
    android.database.Cursor query(android.net.Uri,java.lang.String[],java.lang.String,java.lang.String[],java.lang.String) -> query
    int update(android.net.Uri,android.content.ContentValues,java.lang.String,java.lang.String[]) -> update
    void close() -> a
    boolean insertSubj(fr.srombauts.sjlb.model.ForumSubject) -> a
    boolean updateSubj(fr.srombauts.sjlb.model.ForumSubject) -> b
    boolean clearSubj() -> b
    java.lang.Boolean isExist(int) -> a